Name                                       Stmts   Miss Branch BrPart  Cover   Missing
--------------------------------------------------------------------------------------
accounts\__init__.py                           0      0      0      0   100%
accounts\admin.py                             30      9      6      0    69%   14-15, 18, 27-28, 31-35
accounts\apps.py                               4      0      2      0   100%
accounts\migrations\0001_initial.py            8      0      2      0   100%
accounts\migrations\__init__.py                0      0      0      0   100%
accounts\models.py                            40     10     14      1    72%   13, 22-30, 65, 75
accounts\serializers.py                       48      0     24      0   100%
accounts\urls.py                               9      0      0      0   100%
accounts\views.py                             55      2     16      0    97%   97, 133
companion_api\__init__.py                      0      0      0      0   100%
companion_api\admin.py                         5      1      2      1    71%   9
companion_api\apps.py                          4      0      2      0   100%
companion_api\migrations\0001_initial.py       7      0      2      0   100%
companion_api\migrations\__init__.py           0      0      0      0   100%
companion_api\models.py                        8      0      2      0   100%
companion_api\serializers.py                   6      0      4      0   100%
companion_api\urls.py                          7      0      0      0   100%
companion_api\views.py                        10      2      2      0    83%   15, 20
manage.py                                     12      2      2      1    79%   12-13, 21->exit
--------------------------------------------------------------------------------------
TOTAL                                        253     26     80      3    89%
